<?xml version="1.0" encoding="UTF-8"?>
<!-- Generated by org.testng.reporters.JUnitReportReporter -->
<testsuite hostname="LAPTOP-SF32JU0L" failures="0" tests="3" name="com.edge.CheneyOnline.TestCheneyExecutor" time="216.069" errors="0" timestamp="3 Nov 2022 11:32:16 GMT">
  <testcase classname="com.edge.CheneyOnline.TestCheneyExecutor" name="Export_Mail_OG" time="83.721"/>
  <testcase classname="com.edge.CheneyOnline.TestCheneyExecutor" name="Export_Mail_OG" time="66.761"/>
  <testcase classname="com.edge.CheneyOnline.TestCheneyExecutor" name="Export_Mail_OG" time="65.587"/>
</testsuite> <!-- com.edge.CheneyOnline.TestCheneyExecutor -->
